Copyright 1986-2019 Xilinx, Inc. All Rights Reserved.
------------------------------------------------------------------------------------
| Tool Version : Vivado v.2019.1 (win64) Build 2552052 Fri May 24 14:49:42 MDT 2019
| Date         : Sat Mar 18 03:21:37 2023
| Host         : DESKTOP-6T4ALH8 running 64-bit major release  (build 9200)
| Command      : upgrade_ip
| Device       : xc7z010clg400-1
------------------------------------------------------------------------------------

Upgrade Log for IP 'design_1_AD9283_0_4'

1. Summary
----------

SUCCESS in the upgrade of design_1_AD9283_0_4 (user.org:user:AD9283:1.0) from (Rev. 40) to (Rev. 41)






Copyright 1986-2019 Xilinx, Inc. All Rights Reserved.
------------------------------------------------------------------------------------
| Tool Version : Vivado v.2019.1 (win64) Build 2552052 Fri May 24 14:49:42 MDT 2019
| Date         : Sat Mar 18 02:57:22 2023
| Host         : DESKTOP-6T4ALH8 running 64-bit major release  (build 9200)
| Command      : upgrade_ip
| Device       : xc7z010clg400-1
------------------------------------------------------------------------------------

Upgrade Log for IP 'design_1_AD9283_0_4'

1. Summary
----------

SUCCESS in the upgrade of design_1_AD9283_0_4 (user.org:user:AD9283:1.0) from (Rev. 39) to (Rev. 40)






Copyright 1986-2019 Xilinx, Inc. All Rights Reserved.
------------------------------------------------------------------------------------
| Tool Version : Vivado v.2019.1 (win64) Build 2552052 Fri May 24 14:49:42 MDT 2019
| Date         : Sat Mar 18 02:51:25 2023
| Host         : DESKTOP-6T4ALH8 running 64-bit major release  (build 9200)
| Command      : upgrade_ip
| Device       : xc7z010clg400-1
------------------------------------------------------------------------------------

Upgrade Log for IP 'design_1_AD9283_0_4'

1. Summary
----------

SUCCESS in the upgrade of design_1_AD9283_0_4 (user.org:user:AD9283:1.0) from (Rev. 38) to (Rev. 39)






Copyright 1986-2019 Xilinx, Inc. All Rights Reserved.
------------------------------------------------------------------------------------
| Tool Version : Vivado v.2019.1 (win64) Build 2552052 Fri May 24 14:49:42 MDT 2019
| Date         : Sat Mar 18 02:39:47 2023
| Host         : DESKTOP-6T4ALH8 running 64-bit major release  (build 9200)
| Command      : upgrade_ip
| Device       : xc7z010clg400-1
------------------------------------------------------------------------------------

Upgrade Log for IP 'design_1_AD9283_0_4'

1. Summary
----------

SUCCESS in the upgrade of design_1_AD9283_0_4 (user.org:user:AD9283:1.0) from (Rev. 37) to (Rev. 38)






Copyright 1986-2019 Xilinx, Inc. All Rights Reserved.
------------------------------------------------------------------------------------
| Tool Version : Vivado v.2019.1 (win64) Build 2552052 Fri May 24 14:49:42 MDT 2019
| Date         : Sat Mar 18 02:31:20 2023
| Host         : DESKTOP-6T4ALH8 running 64-bit major release  (build 9200)
| Command      : upgrade_ip
| Device       : xc7z010clg400-1
------------------------------------------------------------------------------------

Upgrade Log for IP 'design_1_AD9283_0_4'

1. Summary
----------

SUCCESS in the upgrade of design_1_AD9283_0_4 (user.org:user:AD9283:1.0) from (Rev. 35) to (Rev. 37)






Copyright 1986-2019 Xilinx, Inc. All Rights Reserved.
------------------------------------------------------------------------------------
| Tool Version : Vivado v.2019.1 (win64) Build 2552052 Fri May 24 14:49:42 MDT 2019
| Date         : Sat Mar 18 01:41:04 2023
| Host         : DESKTOP-6T4ALH8 running 64-bit major release  (build 9200)
| Command      : upgrade_ip
| Device       : xc7z010clg400-1
------------------------------------------------------------------------------------

Upgrade Log for IP 'design_1_AD9283_0_4'

1. Summary
----------

SUCCESS in the upgrade of design_1_AD9283_0_4 (user.org:user:AD9283:1.0) from (Rev. 34) to (Rev. 35)






Copyright 1986-2019 Xilinx, Inc. All Rights Reserved.
------------------------------------------------------------------------------------
| Tool Version : Vivado v.2019.1 (win64) Build 2552052 Fri May 24 14:49:42 MDT 2019
| Date         : Fri Mar 17 22:54:19 2023
| Host         : DESKTOP-6T4ALH8 running 64-bit major release  (build 9200)
| Command      : upgrade_ip
| Device       : xc7z010clg400-1
------------------------------------------------------------------------------------

Upgrade Log for IP 'design_1_AD9283_0_4'

1. Summary
----------

SUCCESS in the upgrade of design_1_AD9283_0_4 (user.org:user:AD9283:1.0) from (Rev. 33) to (Rev. 34)






Copyright 1986-2019 Xilinx, Inc. All Rights Reserved.
------------------------------------------------------------------------------------
| Tool Version : Vivado v.2019.1 (win64) Build 2552052 Fri May 24 14:49:42 MDT 2019
| Date         : Fri Mar 17 22:50:51 2023
| Host         : DESKTOP-6T4ALH8 running 64-bit major release  (build 9200)
| Command      : upgrade_ip
| Device       : xc7z010clg400-1
------------------------------------------------------------------------------------

Upgrade Log for IP 'design_1_AD9283_0_4'

1. Summary
----------

SUCCESS in the upgrade of design_1_AD9283_0_4 (user.org:user:AD9283:1.0) from (Rev. 32) to (Rev. 33)






Copyright 1986-2019 Xilinx, Inc. All Rights Reserved.
------------------------------------------------------------------------------------
| Tool Version : Vivado v.2019.1 (win64) Build 2552052 Fri May 24 14:49:42 MDT 2019
| Date         : Fri Mar 17 22:39:03 2023
| Host         : DESKTOP-6T4ALH8 running 64-bit major release  (build 9200)
| Command      : upgrade_ip
| Device       : xc7z010clg400-1
------------------------------------------------------------------------------------

Upgrade Log for IP 'design_1_AD9283_0_4'

1. Summary
----------

SUCCESS in the upgrade of design_1_AD9283_0_4 (user.org:user:AD9283:1.0) from (Rev. 31) to (Rev. 32)






Copyright 1986-2019 Xilinx, Inc. All Rights Reserved.
------------------------------------------------------------------------------------
| Tool Version : Vivado v.2019.1 (win64) Build 2552052 Fri May 24 14:49:42 MDT 2019
| Date         : Fri Mar 17 22:35:08 2023
| Host         : DESKTOP-6T4ALH8 running 64-bit major release  (build 9200)
| Command      : upgrade_ip
| Device       : xc7z010clg400-1
------------------------------------------------------------------------------------

Upgrade Log for IP 'design_1_AD9283_0_4'

1. Summary
----------

CAUTION (success, with warnings) in the upgrade of design_1_AD9283_0_4 (user.org:user:AD9283:1.0) from (Rev. 30) to (Rev. 31)

After upgrade, an IP may have parameter and port differences compared to the original customization. Please review the parameters within the IP customization GUI to ensure proper functionality. Also, please review the updated IP instantiation template to ensure proper connectivity, and update your design if required.

2. Connection Warnings
----------------------

Detected external port differences while upgrading 'design_1_AD9283_0_4'. These changes may impact your design.


-Upgrade has renamed port 'ADC_CLK' as 'adc_clk'

-Upgrade has renamed port 'CLK' as 'clk'

-Upgrade has renamed port 'RESET_N_ADC' as 'reset_n_adc'

-Upgrade has removed port 'ADC_DATA_INPUT'

-Upgrade has added port 'adc_input_data'







Copyright 1986-2019 Xilinx, Inc. All Rights Reserved.
------------------------------------------------------------------------------------
| Tool Version : Vivado v.2019.1 (win64) Build 2552052 Fri May 24 14:49:42 MDT 2019
| Date         : Fri Mar 17 22:24:37 2023
| Host         : DESKTOP-6T4ALH8 running 64-bit major release  (build 9200)
| Command      : upgrade_ip
| Device       : xc7z010clg400-1
------------------------------------------------------------------------------------

Upgrade Log for IP 'design_1_AD9283_0_4'

1. Summary
----------

SUCCESS in the upgrade of design_1_AD9283_0_4 (user.org:user:AD9283:1.0) from (Rev. 29) to (Rev. 30)






Copyright 1986-2019 Xilinx, Inc. All Rights Reserved.
------------------------------------------------------------------------------------
| Tool Version : Vivado v.2019.1 (win64) Build 2552052 Fri May 24 14:49:42 MDT 2019
| Date         : Fri Mar 17 22:02:31 2023
| Host         : DESKTOP-6T4ALH8 running 64-bit major release  (build 9200)
| Command      : upgrade_ip
| Device       : xc7z010clg400-1
------------------------------------------------------------------------------------

Upgrade Log for IP 'design_1_AD9283_0_4'

1. Summary
----------

SUCCESS in the upgrade of design_1_AD9283_0_4 (user.org:user:AD9283:1.0) from (Rev. 28) to (Rev. 29)






Copyright 1986-2019 Xilinx, Inc. All Rights Reserved.
------------------------------------------------------------------------------------
| Tool Version : Vivado v.2019.1 (win64) Build 2552052 Fri May 24 14:49:42 MDT 2019
| Date         : Fri Mar 17 21:47:12 2023
| Host         : DESKTOP-6T4ALH8 running 64-bit major release  (build 9200)
| Command      : upgrade_ip
| Device       : xc7z010clg400-1
------------------------------------------------------------------------------------

Upgrade Log for IP 'design_1_AD9283_0_4'

1. Summary
----------

SUCCESS in the upgrade of design_1_AD9283_0_4 (user.org:user:AD9283:1.0) from (Rev. 27) to (Rev. 28)






Copyright 1986-2019 Xilinx, Inc. All Rights Reserved.
------------------------------------------------------------------------------------
| Tool Version : Vivado v.2019.1 (win64) Build 2552052 Fri May 24 14:49:42 MDT 2019
| Date         : Fri Mar 17 19:50:32 2023
| Host         : DESKTOP-6T4ALH8 running 64-bit major release  (build 9200)
| Command      : upgrade_ip
| Device       : xc7z010clg400-1
------------------------------------------------------------------------------------

Upgrade Log for IP 'design_1_AD9283_0_4'

1. Summary
----------

SUCCESS in the upgrade of design_1_AD9283_0_4 (user.org:user:AD9283:1.0) from (Rev. 26) to (Rev. 27)






Copyright 1986-2019 Xilinx, Inc. All Rights Reserved.
------------------------------------------------------------------------------------
| Tool Version : Vivado v.2019.1 (win64) Build 2552052 Fri May 24 14:49:42 MDT 2019
| Date         : Fri Mar 17 19:42:39 2023
| Host         : DESKTOP-6T4ALH8 running 64-bit major release  (build 9200)
| Command      : upgrade_ip
| Device       : xc7z010clg400-1
------------------------------------------------------------------------------------

Upgrade Log for IP 'design_1_AD9283_0_4'

1. Summary
----------

CAUTION (success, with warnings) in the upgrade of design_1_AD9283_0_4 (user.org:user:AD9283:1.0) from (Rev. 25) to (Rev. 26)

After upgrade, an IP may have parameter and port differences compared to the original customization. Please review the parameters within the IP customization GUI to ensure proper functionality. Also, please review the updated IP instantiation template to ensure proper connectivity, and update your design if required.

2. Connection Warnings
----------------------

Detected external port differences while upgrading 'design_1_AD9283_0_4'. These changes may impact your design.


-Upgrade has added port 'pin_flag'







Copyright 1986-2019 Xilinx, Inc. All Rights Reserved.
------------------------------------------------------------------------------------
| Tool Version : Vivado v.2019.1 (win64) Build 2552052 Fri May 24 14:49:42 MDT 2019
| Date         : Fri Mar 17 19:16:15 2023
| Host         : DESKTOP-6T4ALH8 running 64-bit major release  (build 9200)
| Command      : upgrade_ip
| Device       : xc7z010clg400-1
------------------------------------------------------------------------------------

Upgrade Log for IP 'design_1_AD9283_0_4'

1. Summary
----------

SUCCESS in the upgrade of design_1_AD9283_0_4 (user.org:user:AD9283:1.0) from (Rev. 24) to (Rev. 25)






Copyright 1986-2019 Xilinx, Inc. All Rights Reserved.
------------------------------------------------------------------------------------
| Tool Version : Vivado v.2019.1 (win64) Build 2552052 Fri May 24 14:49:42 MDT 2019
| Date         : Fri Mar 17 19:07:24 2023
| Host         : DESKTOP-6T4ALH8 running 64-bit major release  (build 9200)
| Command      : upgrade_ip
| Device       : xc7z010clg400-1
------------------------------------------------------------------------------------

Upgrade Log for IP 'design_1_AD9283_0_4'

1. Summary
----------

SUCCESS in the upgrade of design_1_AD9283_0_4 (user.org:user:AD9283:1.0) from (Rev. 23) to (Rev. 24)






Copyright 1986-2019 Xilinx, Inc. All Rights Reserved.
------------------------------------------------------------------------------------
| Tool Version : Vivado v.2019.1 (win64) Build 2552052 Fri May 24 14:49:42 MDT 2019
| Date         : Fri Mar 17 19:04:37 2023
| Host         : DESKTOP-6T4ALH8 running 64-bit major release  (build 9200)
| Command      : upgrade_ip
| Device       : xc7z010clg400-1
------------------------------------------------------------------------------------

Upgrade Log for IP 'design_1_AD9283_0_4'

1. Summary
----------

SUCCESS in the upgrade of design_1_AD9283_0_4 (user.org:user:AD9283:1.0) from (Rev. 22) to (Rev. 23)






Copyright 1986-2019 Xilinx, Inc. All Rights Reserved.
------------------------------------------------------------------------------------
| Tool Version : Vivado v.2019.1 (win64) Build 2552052 Fri May 24 14:49:42 MDT 2019
| Date         : Fri Mar 17 18:54:27 2023
| Host         : DESKTOP-6T4ALH8 running 64-bit major release  (build 9200)
| Command      : upgrade_ip
| Device       : xc7z010clg400-1
------------------------------------------------------------------------------------

Upgrade Log for IP 'design_1_AD9283_0_4'

1. Summary
----------

SUCCESS in the upgrade of design_1_AD9283_0_4 (user.org:user:AD9283:1.0) from (Rev. 21) to (Rev. 22)






Copyright 1986-2019 Xilinx, Inc. All Rights Reserved.
------------------------------------------------------------------------------------
| Tool Version : Vivado v.2019.1 (win64) Build 2552052 Fri May 24 14:49:42 MDT 2019
| Date         : Fri Mar 17 18:49:23 2023
| Host         : DESKTOP-6T4ALH8 running 64-bit major release  (build 9200)
| Command      : upgrade_ip
| Device       : xc7z010clg400-1
------------------------------------------------------------------------------------

Upgrade Log for IP 'design_1_AD9283_0_4'

1. Summary
----------

SUCCESS in the upgrade of design_1_AD9283_0_4 (user.org:user:AD9283:1.0) from (Rev. 20) to (Rev. 21)






Copyright 1986-2019 Xilinx, Inc. All Rights Reserved.
------------------------------------------------------------------------------------
| Tool Version : Vivado v.2019.1 (win64) Build 2552052 Fri May 24 14:49:42 MDT 2019
| Date         : Fri Mar 17 18:44:26 2023
| Host         : DESKTOP-6T4ALH8 running 64-bit major release  (build 9200)
| Command      : upgrade_ip
| Device       : xc7z010clg400-1
------------------------------------------------------------------------------------

Upgrade Log for IP 'design_1_AD9283_0_4'

1. Summary
----------

SUCCESS in the upgrade of design_1_AD9283_0_4 (user.org:user:AD9283:1.0) from (Rev. 19) to (Rev. 20)






Copyright 1986-2019 Xilinx, Inc. All Rights Reserved.
------------------------------------------------------------------------------------
| Tool Version : Vivado v.2019.1 (win64) Build 2552052 Fri May 24 14:49:42 MDT 2019
| Date         : Fri Mar 17 18:33:49 2023
| Host         : DESKTOP-6T4ALH8 running 64-bit major release  (build 9200)
| Command      : upgrade_ip
| Device       : xc7z010clg400-1
------------------------------------------------------------------------------------

Upgrade Log for IP 'design_1_AD9283_0_4'

1. Summary
----------

SUCCESS in the upgrade of design_1_AD9283_0_4 (user.org:user:AD9283:1.0) from (Rev. 18) to (Rev. 19)






Copyright 1986-2019 Xilinx, Inc. All Rights Reserved.
------------------------------------------------------------------------------------
| Tool Version : Vivado v.2019.1 (win64) Build 2552052 Fri May 24 14:49:42 MDT 2019
| Date         : Fri Mar 17 18:18:34 2023
| Host         : DESKTOP-6T4ALH8 running 64-bit major release  (build 9200)
| Command      : upgrade_ip
| Device       : xc7z010clg400-1
------------------------------------------------------------------------------------

Upgrade Log for IP 'design_1_AD9283_0_4'

1. Summary
----------

SUCCESS in the upgrade of design_1_AD9283_0_4 (user.org:user:AD9283:1.0) from (Rev. 17) to (Rev. 18)






Copyright 1986-2019 Xilinx, Inc. All Rights Reserved.
------------------------------------------------------------------------------------
| Tool Version : Vivado v.2019.1 (win64) Build 2552052 Fri May 24 14:49:42 MDT 2019
| Date         : Fri Mar 17 18:11:33 2023
| Host         : DESKTOP-6T4ALH8 running 64-bit major release  (build 9200)
| Command      : upgrade_ip
| Device       : xc7z010clg400-1
------------------------------------------------------------------------------------

Upgrade Log for IP 'design_1_AD9283_0_4'

1. Summary
----------

SUCCESS in the upgrade of design_1_AD9283_0_4 (user.org:user:AD9283:1.0) from (Rev. 16) to (Rev. 17)






Copyright 1986-2019 Xilinx, Inc. All Rights Reserved.
------------------------------------------------------------------------------------
| Tool Version : Vivado v.2019.1 (win64) Build 2552052 Fri May 24 14:49:42 MDT 2019
| Date         : Fri Mar 17 02:01:17 2023
| Host         : DESKTOP-6T4ALH8 running 64-bit major release  (build 9200)
| Command      : upgrade_ip
| Device       : xc7z010clg400-1
------------------------------------------------------------------------------------

Upgrade Log for IP 'design_1_AD9283_0_4'

1. Summary
----------

SUCCESS in the upgrade of design_1_AD9283_0_4 (user.org:user:AD9283:1.0) from (Rev. 15) to (Rev. 16)






Copyright 1986-2019 Xilinx, Inc. All Rights Reserved.
------------------------------------------------------------------------------------
| Tool Version : Vivado v.2019.1 (win64) Build 2552052 Fri May 24 14:49:42 MDT 2019
| Date         : Fri Mar 17 01:56:38 2023
| Host         : DESKTOP-6T4ALH8 running 64-bit major release  (build 9200)
| Command      : upgrade_ip
| Device       : xc7z010clg400-1
------------------------------------------------------------------------------------

Upgrade Log for IP 'design_1_AD9283_0_4'

1. Summary
----------

SUCCESS in the upgrade of design_1_AD9283_0_4 (user.org:user:AD9283:1.0) from (Rev. 14) to (Rev. 15)






Copyright 1986-2019 Xilinx, Inc. All Rights Reserved.
------------------------------------------------------------------------------------
| Tool Version : Vivado v.2019.1 (win64) Build 2552052 Fri May 24 14:49:42 MDT 2019
| Date         : Fri Mar 17 01:52:46 2023
| Host         : DESKTOP-6T4ALH8 running 64-bit major release  (build 9200)
| Command      : upgrade_ip
| Device       : xc7z010clg400-1
------------------------------------------------------------------------------------

Upgrade Log for IP 'design_1_AD9283_0_4'

1. Summary
----------

SUCCESS in the upgrade of design_1_AD9283_0_4 (user.org:user:AD9283:1.0) from (Rev. 13) to (Rev. 14)






Copyright 1986-2019 Xilinx, Inc. All Rights Reserved.
------------------------------------------------------------------------------------
| Tool Version : Vivado v.2019.1 (win64) Build 2552052 Fri May 24 14:49:42 MDT 2019
| Date         : Fri Mar 17 01:49:36 2023
| Host         : DESKTOP-6T4ALH8 running 64-bit major release  (build 9200)
| Command      : upgrade_ip
| Device       : xc7z010clg400-1
------------------------------------------------------------------------------------

Upgrade Log for IP 'design_1_AD9283_0_4'

1. Summary
----------

SUCCESS in the upgrade of design_1_AD9283_0_4 (user.org:user:AD9283:1.0) from (Rev. 12) to (Rev. 13)






Copyright 1986-2019 Xilinx, Inc. All Rights Reserved.
------------------------------------------------------------------------------------
| Tool Version : Vivado v.2019.1 (win64) Build 2552052 Fri May 24 14:49:42 MDT 2019
| Date         : Fri Mar 17 01:47:33 2023
| Host         : DESKTOP-6T4ALH8 running 64-bit major release  (build 9200)
| Command      : upgrade_ip
| Device       : xc7z010clg400-1
------------------------------------------------------------------------------------

Upgrade Log for IP 'design_1_AD9283_0_4'

1. Summary
----------

SUCCESS in the upgrade of design_1_AD9283_0_4 (user.org:user:AD9283:1.0) from (Rev. 11) to (Rev. 12)






Copyright 1986-2019 Xilinx, Inc. All Rights Reserved.
------------------------------------------------------------------------------------
| Tool Version : Vivado v.2019.1 (win64) Build 2552052 Fri May 24 14:49:42 MDT 2019
| Date         : Fri Mar 17 01:08:09 2023
| Host         : DESKTOP-6T4ALH8 running 64-bit major release  (build 9200)
| Command      : upgrade_ip
| Device       : xc7z010clg400-1
------------------------------------------------------------------------------------

Upgrade Log for IP 'design_1_AD9283_0_4'

1. Summary
----------

SUCCESS in the upgrade of design_1_AD9283_0_4 (user.org:user:AD9283:1.0) from (Rev. 10) to (Rev. 11)






Copyright 1986-2019 Xilinx, Inc. All Rights Reserved.
------------------------------------------------------------------------------------
| Tool Version : Vivado v.2019.1 (win64) Build 2552052 Fri May 24 14:49:42 MDT 2019
| Date         : Fri Mar 17 00:54:26 2023
| Host         : DESKTOP-6T4ALH8 running 64-bit major release  (build 9200)
| Command      : upgrade_ip
| Device       : xc7z010clg400-1
------------------------------------------------------------------------------------

Upgrade Log for IP 'design_1_AD9283_0_4'

1. Summary
----------

SUCCESS in the upgrade of design_1_AD9283_0_4 (user.org:user:AD9283:1.0) from (Rev. 9) to (Rev. 10)






Copyright 1986-2019 Xilinx, Inc. All Rights Reserved.
------------------------------------------------------------------------------------
| Tool Version : Vivado v.2019.1 (win64) Build 2552052 Fri May 24 14:49:42 MDT 2019
| Date         : Fri Mar 17 00:08:16 2023
| Host         : DESKTOP-6T4ALH8 running 64-bit major release  (build 9200)
| Command      : upgrade_ip
| Device       : xc7z010clg400-1
------------------------------------------------------------------------------------

Upgrade Log for IP 'design_1_AD9283_0_4'

1. Summary
----------

SUCCESS in the upgrade of design_1_AD9283_0_4 (user.org:user:AD9283:1.0) from (Rev. 8) to (Rev. 9)






Copyright 1986-2019 Xilinx, Inc. All Rights Reserved.
------------------------------------------------------------------------------------
| Tool Version : Vivado v.2019.1 (win64) Build 2552052 Fri May 24 14:49:42 MDT 2019
| Date         : Thu Mar 16 17:25:06 2023
| Host         : DESKTOP-6T4ALH8 running 64-bit major release  (build 9200)
| Command      : upgrade_ip
| Device       : xc7z010clg400-1
------------------------------------------------------------------------------------

Upgrade Log for IP 'design_1_AD9283_0_4'

1. Summary
----------

SUCCESS in the upgrade of design_1_AD9283_0_4 (user.org:user:AD9283:1.0) from (Rev. 7) to (Rev. 8)

